<?xml version="1.0" encoding="UTF-8"?>
<!-- Generated by org.testng.reporters.JUnitReportReporter -->
<testsuite hostname="INBLR01L248" name="Academy.E2EProject.HomeTest" tests="2" failures="0" timestamp="16 Jul 2019 04:21:47 GMT" time="38.805" errors="0">
  <testcase name="baseNavigation" time="19.061" classname="Academy.E2EProject.HomeTest"/>
  <testcase name="baseNavigation" time="19.744" classname="Academy.E2EProject.HomeTest"/>
</testsuite> <!-- Academy.E2EProject.HomeTest -->
